# JRE version: Java(TM) SE Runtime Environment (8.0_111-b14) (build 1.8.0_111-b14)
# Java VM: Java HotSpot(TM) Client VM (25.111-b14 mixed mode windows-x86 )
Heap:
 def new generation   total 4928K, used 880K [0x03a00000, 0x03f50000, 0x08f50000)
  eden space 4416K,   8% used [0x03a00000, 0x03a60858, 0x03e50000)
  from space 512K,  96% used [0x03e50000, 0x03ecba50, 0x03ed0000)
  to   space 512K,   0% used [0x03ed0000, 0x03ed0000, 0x03f50000)
 tenured generation   total 10944K, used 4638K [0x08f50000, 0x09a00000, 0x13a00000)
   the space 10944K,  42% used [0x08f50000, 0x093d7980, 0x093d7a00, 0x09a00000)
 Metaspace       used 9227K, capacity 9442K, committed 9472K, reserved 9600K
GC Heap History (6 events):
Event: 0.258 GC heap before
{Heap before GC invocations=0 (full 0):
 def new generation   total 4928K, used 4416K [0x03a00000, 0x03f50000, 0x08f50000)
  eden space 4416K, 100% used [0x03a00000, 0x03e50000, 0x03e50000)
  from space 512K,   0% used [0x03e50000, 0x03e50000, 0x03ed0000)
  to   space 512K,   0% used [0x03ed0000, 0x03ed0000, 0x03f50000)
 tenured generation   total 10944K, used 0K [0x08f50000, 0x09a00000, 0x13a00000)
   the space 10944K,   0% used [0x08f50000, 0x08f50000, 0x08f50200, 0x09a00000)
 Metaspace       used 4800K, capacity 4982K, committed 5120K, reserved 5504K
Event: 0.261 GC heap after
Heap after GC invocations=1 (full 0):
 def new generation   total 4928K, used 512K [0x03a00000, 0x03f50000, 0x08f50000)
  eden space 4416K,   0% used [0x03a00000, 0x03a00000, 0x03e50000)
  from space 512K, 100% used [0x03ed0000, 0x03f50000, 0x03f50000)
  to   space 512K,   0% used [0x03e50000, 0x03e50000, 0x03ed0000)
 tenured generation   total 10944K, used 789K [0x08f50000, 0x09a00000, 0x13a00000)
   the space 10944K,   7% used [0x08f50000, 0x090154f8, 0x09015600, 0x09a00000)
 Metaspace       used 4800K, capacity 4982K, committed 5120K, reserved 5504K
}
Event: 0.603 GC heap before
{Heap before GC invocations=1 (full 0):
 def new generation   total 4928K, used 4928K [0x03a00000, 0x03f50000, 0x08f50000)
  eden space 4416K, 100% used [0x03a00000, 0x03e50000, 0x03e50000)
  from space 512K, 100% used [0x03ed0000, 0x03f50000, 0x03f50000)
  to   space 512K,   0% used [0x03e50000, 0x03e50000, 0x03ed0000)
 tenured generation   total 10944K, used 789K [0x08f50000, 0x09a00000, 0x13a00000)
   the space 10944K,   7% used [0x08f50000, 0x090154f8, 0x09015600, 0x09a00000)
 Metaspace       used 5739K, capacity 5910K, committed 6016K, reserved 6528K
Event: 0.608 GC heap after
Heap after GC invocations=2 (full 0):
 def new generation   total 4928K, used 512K [0x03a00000, 0x03f50000, 0x08f50000)
  eden space 4416K,   0% used [0x03a00000, 0x03a00000, 0x03e50000)
  from space 512K, 100% used [0x03e50000, 0x03ed0000, 0x03ed0000)
  to   space 512K,   0% used [0x03ed0000, 0x03ed0000, 0x03f50000)
 tenured generation   total 10944K, used 3457K [0x08f50000, 0x09a00000, 0x13a00000)
   the space 10944K,  31% used [0x08f50000, 0x092b0650, 0x092b0800, 0x09a00000)
 Metaspace       used 5739K, capacity 5910K, committed 6016K, reserved 6528K
}
Event: 2.836 GC heap before
{Heap before GC invocations=2 (full 0):
 def new generation   total 4928K, used 4928K [0x03a00000, 0x03f50000, 0x08f50000)
  eden space 4416K, 100% used [0x03a00000, 0x03e50000, 0x03e50000)
  from space 512K, 100% used [0x03e50000, 0x03ed0000, 0x03ed0000)
  to   space 512K,   0% used [0x03ed0000, 0x03ed0000, 0x03f50000)
 tenured generation   total 10944K, used 3457K [0x08f50000, 0x09a00000, 0x13a00000)
   the space 10944K,  31% used [0x08f50000, 0x092b0650, 0x092b0800, 0x09a00000)
 Metaspace       used 7941K, capacity 8119K, committed 8192K, reserved 8576K
Event: 2.845 GC heap after
Heap after GC invocations=3 (full 0):
 def new generation   total 4928K, used 512K [0x03a00000, 0x03f50000, 0x08f50000)
  eden space 4416K,   0% used [0x03a00000, 0x03a00000, 0x03e50000)
  from space 512K, 100% used [0x03ed0000, 0x03f50000, 0x03f50000)
  to   space 512K,   0% used [0x03e50000, 0x03e50000, 0x03ed0000)
 tenured generation   total 10944K, used 4140K [0x08f50000, 0x09a00000, 0x13a00000)
   the space 10944K,  37% used [0x08f50000, 0x0935b268, 0x0935b400, 0x09a00000)
 Metaspace       used 7941K, capacity 8119K, committed 8192K, reserved 8576K
}

